<?xml version="1.0" encoding="UTF-8"?>
<!-- Generated by org.testng.reporters.JUnitReportReporter -->
<testsuite hostname="ShibaShankar" failures="0" tests="1" name="com.actitime.testscript.CusomerModule" time="13.297" errors="0" timestamp="2023-06-04T20:34:16 IST" skipped="0">
  <testcase classname="com.actitime.testscript.CusomerModule" name="createCustomer" time="13.297"/>
  <system-out/>
</testsuite> <!-- com.actitime.testscript.CusomerModule -->
